<?xml version="1.0" encoding="utf-8"?><testsuites><testsuite name="pytest" errors="0" failures="0" skipped="0" tests="8" time="0.803" timestamp="2026-05-09T09:37:33.808292" hostname="0a48e3f23214"><testcase classname="tests.e2e.test_public_smoke_workflow" name="test_public_api_smoke_workflow" time="0.097" /><testcase classname="tests.integration.test_api_contract" name="test_health_endpoint_returns_operational_payload" time="0.003" /><testcase classname="tests.integration.test_api_contract" name="test_api_root_returns_discoverable_contract" time="0.002" /><testcase classname="tests.integration.test_api_contract" name="test_cors_preflight_allows_browser_clients" time="0.002" /><testcase classname="tests.mock.test_main_entrypoint" name="test_main_starts_uvicorn_with_expected_app_target" time="0.025" /><testcase classname="tests.unit.test_app_factory" name="test_create_app_returns_configured_fastapi_instance" time="0.002" /><testcase classname="tests.unit.test_app_factory" name="test_create_app_registers_public_routes" time="0.001" /><testcase classname="tests.unit.test_app_factory" name="test_create_app_instances_do_not_share_router_state" time="0.002" /></testsuite></testsuites>